{
  "stats": {
    "suites": 1,
    "tests": 1,
    "passes": 1,
    "pending": 0,
    "failures": 0,
    "start": "2020-01-17T03:52:23.668Z",
    "end": "2020-01-17T03:52:23.713Z",
    "duration": 45,
    "testsRegistered": 1,
    "passPercent": 100,
    "pendingPercent": 0,
    "other": 0,
    "hasOther": false,
    "skipped": 0,
    "hasSkipped": false
  },
  "results": [
    {
      "uuid": "a2bcf625-313c-4ec5-971f-649a4d4408ca",
      "title": "",
      "fullFile": "",
      "file": "",
      "beforeHooks": [],
      "afterHooks": [],
      "tests": [],
      "suites": [
        {
          "uuid": "ce612f52-32c8-4ee5-9916-420354e29059",
          "title": "Get / should works",
          "fullFile": "/Users/stepan_manko/Projects/projects/node/jenkins-playground/test/test.js",
          "file": "/test/test.js",
          "beforeHooks": [
            {
              "title": "\"before each\" hook",
              "fullTitle": "Get / should works \"before each\" hook",
              "timedOut": false,
              "duration": 3,
              "state": null,
              "speed": null,
              "pass": false,
              "fail": false,
              "pending": false,
              "context": null,
              "code": "server = app.listen(3000);",
              "err": {},
              "uuid": "c9091381-6fd9-440e-9098-e66243197048",
              "parentUUID": "ce612f52-32c8-4ee5-9916-420354e29059",
              "isHook": true,
              "skipped": false
            }
          ],
          "afterHooks": [
            {
              "title": "\"after each\" hook",
              "fullTitle": "Get / should works \"after each\" hook",
              "timedOut": false,
              "duration": 1,
              "state": null,
              "speed": null,
              "pass": false,
              "fail": false,
              "pending": false,
              "context": null,
              "code": "server.close();",
              "err": {},
              "uuid": "8de229d7-3da3-4a85-90e2-dd845716b47a",
              "parentUUID": "ce612f52-32c8-4ee5-9916-420354e29059",
              "isHook": true,
              "skipped": false
            }
          ],
          "tests": [
            {
              "title": "should return 200",
              "fullTitle": "Get / should works should return 200",
              "timedOut": false,
              "duration": 27,
              "state": "passed",
              "speed": "fast",
              "pass": true,
              "fail": false,
              "pending": false,
              "context": null,
              "code": "await request(server)\n  .get('/')\n  .expect(200)\n  .end();",
              "err": {},
              "uuid": "94861424-d2d3-4826-b53c-e1a21b6e4fff",
              "parentUUID": "ce612f52-32c8-4ee5-9916-420354e29059",
              "isHook": false,
              "skipped": false
            }
          ],
          "suites": [],
          "passes": [
            "94861424-d2d3-4826-b53c-e1a21b6e4fff"
          ],
          "failures": [],
          "pending": [],
          "skipped": [],
          "duration": 27,
          "root": false,
          "rootEmpty": false,
          "_timeout": 2000
        }
      ],
      "passes": [],
      "failures": [],
      "pending": [],
      "skipped": [],
      "duration": 0,
      "root": true,
      "rootEmpty": true,
      "_timeout": 2000
    }
  ],
  "meta": {
    "mocha": {
      "version": "6.2.2"
    },
    "mochawesome": {
      "options": {
        "quiet": false,
        "reportFilename": "mochawesome",
        "saveHtml": true,
        "saveJson": true,
        "consoleReporter": "spec",
        "useInlineDiffs": false
      },
      "version": "4.1.0"
    },
    "marge": {
      "options": null,
      "version": "4.1.0"
    }
  }
}